0 info it worked if it ends with ok
1 verbose cli [ 'node', '/usr/local/bin/npm', 'install' ]
2 info using npm@1.4.28
3 info using node@v0.10.32
4 warn package.json ultimate@0.1.0 No description
5 warn package.json ultimate@0.1.0 No repository field.
6 warn package.json ultimate@0.1.0 No README data
7 verbose readDependencies using package.json deps
8 verbose install where, deps [ '/Users/che.mcnabb/Sites/ultimate',
8 verbose install   [ 'grunt',
8 verbose install     'grunt-contrib-jshint',
8 verbose install     'grunt-contrib-nodeunit',
8 verbose install     'grunt-contrib-sass',
8 verbose install     'grunt-contrib-uglify',
8 verbose install     'grunt-contrib-watch',
8 verbose install     'karma',
8 verbose install     'karma-chrome-launcher',
8 verbose install     'karma-jasmine',
8 verbose install     'protractor',
8 verbose install     'http-server',
8 verbose install     'tmp',
8 verbose install     'bower',
8 verbose install     'shelljs' ] ]
9 info preinstall ultimate@0.1.0
10 verbose readDependencies using package.json deps
11 verbose already installed skipping grunt@~0.4.5 /Users/che.mcnabb/Sites/ultimate
12 verbose cache add [ 'grunt-contrib-jshint@~0.10.0', null ]
13 verbose cache add name=undefined spec="grunt-contrib-jshint@~0.10.0" args=["grunt-contrib-jshint@~0.10.0",null]
14 verbose parsed url { protocol: null,
14 verbose parsed url   slashes: null,
14 verbose parsed url   auth: null,
14 verbose parsed url   host: null,
14 verbose parsed url   port: null,
14 verbose parsed url   hostname: null,
14 verbose parsed url   hash: null,
14 verbose parsed url   search: null,
14 verbose parsed url   query: null,
14 verbose parsed url   pathname: 'grunt-contrib-jshint@~0.10.0',
14 verbose parsed url   path: 'grunt-contrib-jshint@~0.10.0',
14 verbose parsed url   href: 'grunt-contrib-jshint@~0.10.0' }
15 verbose cache add [ 'grunt-contrib-nodeunit@~0.4.1', null ]
16 verbose cache add name=undefined spec="grunt-contrib-nodeunit@~0.4.1" args=["grunt-contrib-nodeunit@~0.4.1",null]
17 verbose parsed url { protocol: null,
17 verbose parsed url   slashes: null,
17 verbose parsed url   auth: null,
17 verbose parsed url   host: null,
17 verbose parsed url   port: null,
17 verbose parsed url   hostname: null,
17 verbose parsed url   hash: null,
17 verbose parsed url   search: null,
17 verbose parsed url   query: null,
17 verbose parsed url   pathname: 'grunt-contrib-nodeunit@~0.4.1',
17 verbose parsed url   path: 'grunt-contrib-nodeunit@~0.4.1',
17 verbose parsed url   href: 'grunt-contrib-nodeunit@~0.4.1' }
18 verbose cache add name="grunt-contrib-jshint" spec="~0.10.0" args=["grunt-contrib-jshint","~0.10.0"]
19 verbose parsed url { protocol: null,
19 verbose parsed url   slashes: null,
19 verbose parsed url   auth: null,
19 verbose parsed url   host: null,
19 verbose parsed url   port: null,
19 verbose parsed url   hostname: null,
19 verbose parsed url   hash: null,
19 verbose parsed url   search: null,
19 verbose parsed url   query: null,
19 verbose parsed url   pathname: '~0.10.0',
19 verbose parsed url   path: '~0.10.0',
19 verbose parsed url   href: '~0.10.0' }
20 verbose addNamed [ 'grunt-contrib-jshint', '~0.10.0' ]
21 verbose addNamed [ null, '>=0.10.0-0 <0.11.0-0' ]
22 verbose already installed skipping grunt-contrib-sass@^0.8.1 /Users/che.mcnabb/Sites/ultimate
23 verbose cache add name="grunt-contrib-nodeunit" spec="~0.4.1" args=["grunt-contrib-nodeunit","~0.4.1"]
24 verbose parsed url { protocol: null,
24 verbose parsed url   slashes: null,
24 verbose parsed url   auth: null,
24 verbose parsed url   host: null,
24 verbose parsed url   port: null,
24 verbose parsed url   hostname: null,
24 verbose parsed url   hash: null,
24 verbose parsed url   search: null,
24 verbose parsed url   query: null,
24 verbose parsed url   pathname: '~0.4.1',
24 verbose parsed url   path: '~0.4.1',
24 verbose parsed url   href: '~0.4.1' }
25 verbose addNamed [ 'grunt-contrib-nodeunit', '~0.4.1' ]
26 verbose addNamed [ null, '>=0.4.1-0 <0.5.0-0' ]
27 silly lockFile 956acfd4-grunt-contrib-jshint-0-10-0 grunt-contrib-jshint@~0.10.0
28 verbose lock grunt-contrib-jshint@~0.10.0 /Users/che.mcnabb/.npm/956acfd4-grunt-contrib-jshint-0-10-0.lock
29 silly lockFile 4d6b3342-grunt-contrib-nodeunit-0-4-1 grunt-contrib-nodeunit@~0.4.1
30 verbose lock grunt-contrib-nodeunit@~0.4.1 /Users/che.mcnabb/.npm/4d6b3342-grunt-contrib-nodeunit-0-4-1.lock
31 verbose cache add [ 'grunt-contrib-uglify@~0.5.0', null ]
32 verbose cache add name=undefined spec="grunt-contrib-uglify@~0.5.0" args=["grunt-contrib-uglify@~0.5.0",null]
33 verbose parsed url { protocol: null,
33 verbose parsed url   slashes: null,
33 verbose parsed url   auth: null,
33 verbose parsed url   host: null,
33 verbose parsed url   port: null,
33 verbose parsed url   hostname: null,
33 verbose parsed url   hash: null,
33 verbose parsed url   search: null,
33 verbose parsed url   query: null,
33 verbose parsed url   pathname: 'grunt-contrib-uglify@~0.5.0',
33 verbose parsed url   path: 'grunt-contrib-uglify@~0.5.0',
33 verbose parsed url   href: 'grunt-contrib-uglify@~0.5.0' }
34 verbose cache add name="grunt-contrib-uglify" spec="~0.5.0" args=["grunt-contrib-uglify","~0.5.0"]
35 verbose parsed url { protocol: null,
35 verbose parsed url   slashes: null,
35 verbose parsed url   auth: null,
35 verbose parsed url   host: null,
35 verbose parsed url   port: null,
35 verbose parsed url   hostname: null,
35 verbose parsed url   hash: null,
35 verbose parsed url   search: null,
35 verbose parsed url   query: null,
35 verbose parsed url   pathname: '~0.5.0',
35 verbose parsed url   path: '~0.5.0',
35 verbose parsed url   href: '~0.5.0' }
36 verbose addNamed [ 'grunt-contrib-uglify', '~0.5.0' ]
37 verbose addNamed [ null, '>=0.5.0-0 <0.6.0-0' ]
38 silly lockFile 2d901165-grunt-contrib-uglify-0-5-0 grunt-contrib-uglify@~0.5.0
39 verbose lock grunt-contrib-uglify@~0.5.0 /Users/che.mcnabb/.npm/2d901165-grunt-contrib-uglify-0-5-0.lock
40 silly addNameRange { name: 'grunt-contrib-jshint',
40 silly addNameRange   range: '>=0.10.0-0 <0.11.0-0',
40 silly addNameRange   hasData: false }
41 silly addNameRange { name: 'grunt-contrib-nodeunit',
41 silly addNameRange   range: '>=0.4.1-0 <0.5.0-0',
41 silly addNameRange   hasData: false }
42 verbose already installed skipping grunt-contrib-watch@^0.6.1 /Users/che.mcnabb/Sites/ultimate
43 verbose cache add [ 'karma@^0.12.16', null ]
44 verbose cache add name=undefined spec="karma@^0.12.16" args=["karma@^0.12.16",null]
45 verbose parsed url { protocol: null,
45 verbose parsed url   slashes: null,
45 verbose parsed url   auth: null,
45 verbose parsed url   host: null,
45 verbose parsed url   port: null,
45 verbose parsed url   hostname: null,
45 verbose parsed url   hash: null,
45 verbose parsed url   search: null,
45 verbose parsed url   query: null,
45 verbose parsed url   pathname: 'karma@^0.12.16',
45 verbose parsed url   path: 'karma@^0.12.16',
45 verbose parsed url   href: 'karma@^0.12.16' }
46 verbose cache add [ 'karma-chrome-launcher@^0.1.4', null ]
47 verbose cache add name=undefined spec="karma-chrome-launcher@^0.1.4" args=["karma-chrome-launcher@^0.1.4",null]
48 verbose parsed url { protocol: null,
48 verbose parsed url   slashes: null,
48 verbose parsed url   auth: null,
48 verbose parsed url   host: null,
48 verbose parsed url   port: null,
48 verbose parsed url   hostname: null,
48 verbose parsed url   hash: null,
48 verbose parsed url   search: null,
48 verbose parsed url   query: null,
48 verbose parsed url   pathname: 'karma-chrome-launcher@^0.1.4',
48 verbose parsed url   path: 'karma-chrome-launcher@^0.1.4',
48 verbose parsed url   href: 'karma-chrome-launcher@^0.1.4' }
49 verbose request where is /grunt-contrib-jshint
50 verbose request registry https://registry.npmjs.org/
51 verbose request id faff447e4bafc7bf
52 verbose url raw /grunt-contrib-jshint
53 verbose url resolving [ 'https://registry.npmjs.org/', './grunt-contrib-jshint' ]
54 verbose url resolved https://registry.npmjs.org/grunt-contrib-jshint
55 verbose request where is https://registry.npmjs.org/grunt-contrib-jshint
56 info trying registry request attempt 1 at 09:32:54
57 http GET https://registry.npmjs.org/grunt-contrib-jshint
58 verbose request where is /grunt-contrib-nodeunit
59 verbose request registry https://registry.npmjs.org/
60 verbose url raw /grunt-contrib-nodeunit
61 verbose url resolving [ 'https://registry.npmjs.org/', './grunt-contrib-nodeunit' ]
62 verbose url resolved https://registry.npmjs.org/grunt-contrib-nodeunit
63 verbose request where is https://registry.npmjs.org/grunt-contrib-nodeunit
64 info trying registry request attempt 1 at 09:32:54
65 http GET https://registry.npmjs.org/grunt-contrib-nodeunit
66 verbose cache add name="karma" spec="^0.12.16" args=["karma","^0.12.16"]
67 verbose parsed url { protocol: null,
67 verbose parsed url   slashes: null,
67 verbose parsed url   auth: null,
67 verbose parsed url   host: null,
67 verbose parsed url   port: null,
67 verbose parsed url   hostname: null,
67 verbose parsed url   hash: null,
67 verbose parsed url   search: null,
67 verbose parsed url   query: null,
67 verbose parsed url   pathname: '^0.12.16',
67 verbose parsed url   path: '^0.12.16',
67 verbose parsed url   href: '^0.12.16' }
68 verbose addNamed [ 'karma', '^0.12.16' ]
69 verbose addNamed [ null, '>=0.12.16-0 <0.13.0-0' ]
70 silly lockFile 544376fe-karma-0-12-16 karma@^0.12.16
71 verbose lock karma@^0.12.16 /Users/che.mcnabb/.npm/544376fe-karma-0-12-16.lock
72 verbose cache add [ 'karma-jasmine@^0.1.5', null ]
73 verbose cache add name=undefined spec="karma-jasmine@^0.1.5" args=["karma-jasmine@^0.1.5",null]
74 verbose parsed url { protocol: null,
74 verbose parsed url   slashes: null,
74 verbose parsed url   auth: null,
74 verbose parsed url   host: null,
74 verbose parsed url   port: null,
74 verbose parsed url   hostname: null,
74 verbose parsed url   hash: null,
74 verbose parsed url   search: null,
74 verbose parsed url   query: null,
74 verbose parsed url   pathname: 'karma-jasmine@^0.1.5',
74 verbose parsed url   path: 'karma-jasmine@^0.1.5',
74 verbose parsed url   href: 'karma-jasmine@^0.1.5' }
75 verbose cache add [ 'protractor@~1.0.0', null ]
76 verbose cache add name=undefined spec="protractor@~1.0.0" args=["protractor@~1.0.0",null]
77 verbose parsed url { protocol: null,
77 verbose parsed url   slashes: null,
77 verbose parsed url   auth: null,
77 verbose parsed url   host: null,
77 verbose parsed url   port: null,
77 verbose parsed url   hostname: null,
77 verbose parsed url   hash: null,
77 verbose parsed url   search: null,
77 verbose parsed url   query: null,
77 verbose parsed url   pathname: 'protractor@~1.0.0',
77 verbose parsed url   path: 'protractor@~1.0.0',
77 verbose parsed url   href: 'protractor@~1.0.0' }
78 verbose cache add [ 'http-server@^0.6.1', null ]
79 verbose cache add name=undefined spec="http-server@^0.6.1" args=["http-server@^0.6.1",null]
80 verbose parsed url { protocol: null,
80 verbose parsed url   slashes: null,
80 verbose parsed url   auth: null,
80 verbose parsed url   host: null,
80 verbose parsed url   port: null,
80 verbose parsed url   hostname: null,
80 verbose parsed url   hash: null,
80 verbose parsed url   search: null,
80 verbose parsed url   query: null,
80 verbose parsed url   pathname: 'http-server@^0.6.1',
80 verbose parsed url   path: 'http-server@^0.6.1',
80 verbose parsed url   href: 'http-server@^0.6.1' }
81 verbose cache add [ 'tmp@0.0.23', null ]
82 verbose cache add name=undefined spec="tmp@0.0.23" args=["tmp@0.0.23",null]
83 verbose parsed url { protocol: null,
83 verbose parsed url   slashes: null,
83 verbose parsed url   auth: null,
83 verbose parsed url   host: null,
83 verbose parsed url   port: null,
83 verbose parsed url   hostname: null,
83 verbose parsed url   hash: null,
83 verbose parsed url   search: null,
83 verbose parsed url   query: null,
83 verbose parsed url   pathname: 'tmp@0.0.23',
83 verbose parsed url   path: 'tmp@0.0.23',
83 verbose parsed url   href: 'tmp@0.0.23' }
84 verbose cache add [ 'bower@^1.3.1', null ]
85 verbose cache add name=undefined spec="bower@^1.3.1" args=["bower@^1.3.1",null]
86 verbose parsed url { protocol: null,
86 verbose parsed url   slashes: null,
86 verbose parsed url   auth: null,
86 verbose parsed url   host: null,
86 verbose parsed url   port: null,
86 verbose parsed url   hostname: null,
86 verbose parsed url   hash: null,
86 verbose parsed url   search: null,
86 verbose parsed url   query: null,
86 verbose parsed url   pathname: 'bower@^1.3.1',
86 verbose parsed url   path: 'bower@^1.3.1',
86 verbose parsed url   href: 'bower@^1.3.1' }
87 verbose cache add [ 'shelljs@^0.2.6', null ]
88 verbose cache add name=undefined spec="shelljs@^0.2.6" args=["shelljs@^0.2.6",null]
89 verbose parsed url { protocol: null,
89 verbose parsed url   slashes: null,
89 verbose parsed url   auth: null,
89 verbose parsed url   host: null,
89 verbose parsed url   port: null,
89 verbose parsed url   hostname: null,
89 verbose parsed url   hash: null,
89 verbose parsed url   search: null,
89 verbose parsed url   query: null,
89 verbose parsed url   pathname: 'shelljs@^0.2.6',
89 verbose parsed url   path: 'shelljs@^0.2.6',
89 verbose parsed url   href: 'shelljs@^0.2.6' }
90 verbose cache add name="karma-chrome-launcher" spec="^0.1.4" args=["karma-chrome-launcher","^0.1.4"]
91 verbose parsed url { protocol: null,
91 verbose parsed url   slashes: null,
91 verbose parsed url   auth: null,
91 verbose parsed url   host: null,
91 verbose parsed url   port: null,
91 verbose parsed url   hostname: null,
91 verbose parsed url   hash: null,
91 verbose parsed url   search: null,
91 verbose parsed url   query: null,
91 verbose parsed url   pathname: '^0.1.4',
91 verbose parsed url   path: '^0.1.4',
91 verbose parsed url   href: '^0.1.4' }
92 verbose addNamed [ 'karma-chrome-launcher', '^0.1.4' ]
93 verbose addNamed [ null, '>=0.1.4-0 <0.2.0-0' ]
94 silly lockFile cd7d8138-karma-chrome-launcher-0-1-4 karma-chrome-launcher@^0.1.4
95 verbose lock karma-chrome-launcher@^0.1.4 /Users/che.mcnabb/.npm/cd7d8138-karma-chrome-launcher-0-1-4.lock
96 silly addNameRange { name: 'grunt-contrib-uglify',
96 silly addNameRange   range: '>=0.5.0-0 <0.6.0-0',
96 silly addNameRange   hasData: false }
97 verbose cache add name="karma-jasmine" spec="^0.1.5" args=["karma-jasmine","^0.1.5"]
98 verbose parsed url { protocol: null,
98 verbose parsed url   slashes: null,
98 verbose parsed url   auth: null,
98 verbose parsed url   host: null,
98 verbose parsed url   port: null,
98 verbose parsed url   hostname: null,
98 verbose parsed url   hash: null,
98 verbose parsed url   search: null,
98 verbose parsed url   query: null,
98 verbose parsed url   pathname: '^0.1.5',
98 verbose parsed url   path: '^0.1.5',
98 verbose parsed url   href: '^0.1.5' }
99 verbose addNamed [ 'karma-jasmine', '^0.1.5' ]
100 verbose addNamed [ null, '>=0.1.5-0 <0.2.0-0' ]
101 silly lockFile 36fc1519-karma-jasmine-0-1-5 karma-jasmine@^0.1.5
102 verbose lock karma-jasmine@^0.1.5 /Users/che.mcnabb/.npm/36fc1519-karma-jasmine-0-1-5.lock
103 verbose cache add name="protractor" spec="~1.0.0" args=["protractor","~1.0.0"]
104 verbose parsed url { protocol: null,
104 verbose parsed url   slashes: null,
104 verbose parsed url   auth: null,
104 verbose parsed url   host: null,
104 verbose parsed url   port: null,
104 verbose parsed url   hostname: null,
104 verbose parsed url   hash: null,
104 verbose parsed url   search: null,
104 verbose parsed url   query: null,
104 verbose parsed url   pathname: '~1.0.0',
104 verbose parsed url   path: '~1.0.0',
104 verbose parsed url   href: '~1.0.0' }
105 verbose addNamed [ 'protractor', '~1.0.0' ]
106 verbose addNamed [ null, '>=1.0.0-0 <1.1.0-0' ]
107 silly lockFile f198f730-protractor-1-0-0 protractor@~1.0.0
108 verbose lock protractor@~1.0.0 /Users/che.mcnabb/.npm/f198f730-protractor-1-0-0.lock
109 verbose cache add name="http-server" spec="^0.6.1" args=["http-server","^0.6.1"]
110 verbose parsed url { protocol: null,
110 verbose parsed url   slashes: null,
110 verbose parsed url   auth: null,
110 verbose parsed url   host: null,
110 verbose parsed url   port: null,
110 verbose parsed url   hostname: null,
110 verbose parsed url   hash: null,
110 verbose parsed url   search: null,
110 verbose parsed url   query: null,
110 verbose parsed url   pathname: '^0.6.1',
110 verbose parsed url   path: '^0.6.1',
110 verbose parsed url   href: '^0.6.1' }
111 verbose addNamed [ 'http-server', '^0.6.1' ]
112 verbose addNamed [ null, '>=0.6.1-0 <0.7.0-0' ]
113 silly lockFile e7eeaefd-http-server-0-6-1 http-server@^0.6.1
114 verbose lock http-server@^0.6.1 /Users/che.mcnabb/.npm/e7eeaefd-http-server-0-6-1.lock
115 verbose cache add name="tmp" spec="0.0.23" args=["tmp","0.0.23"]
116 verbose parsed url { protocol: null,
116 verbose parsed url   slashes: null,
116 verbose parsed url   auth: null,
116 verbose parsed url   host: null,
116 verbose parsed url   port: null,
116 verbose parsed url   hostname: null,
116 verbose parsed url   hash: null,
116 verbose parsed url   search: null,
116 verbose parsed url   query: null,
116 verbose parsed url   pathname: '0.0.23',
116 verbose parsed url   path: '0.0.23',
116 verbose parsed url   href: '0.0.23' }
117 verbose addNamed [ 'tmp', '0.0.23' ]
118 verbose addNamed [ '0.0.23', '0.0.23' ]
119 silly lockFile f7638ceb-tmp-0-0-23 tmp@0.0.23
120 verbose lock tmp@0.0.23 /Users/che.mcnabb/.npm/f7638ceb-tmp-0-0-23.lock
121 verbose cache add name="bower" spec="^1.3.1" args=["bower","^1.3.1"]
122 verbose parsed url { protocol: null,
122 verbose parsed url   slashes: null,
122 verbose parsed url   auth: null,
122 verbose parsed url   host: null,
122 verbose parsed url   port: null,
122 verbose parsed url   hostname: null,
122 verbose parsed url   hash: null,
122 verbose parsed url   search: null,
122 verbose parsed url   query: null,
122 verbose parsed url   pathname: '^1.3.1',
122 verbose parsed url   path: '^1.3.1',
122 verbose parsed url   href: '^1.3.1' }
123 verbose addNamed [ 'bower', '^1.3.1' ]
124 verbose addNamed [ null, '>=1.3.1-0 <2.0.0-0' ]
125 silly lockFile 7c83895e-bower-1-3-1 bower@^1.3.1
126 verbose lock bower@^1.3.1 /Users/che.mcnabb/.npm/7c83895e-bower-1-3-1.lock
127 verbose cache add name="shelljs" spec="^0.2.6" args=["shelljs","^0.2.6"]
128 verbose parsed url { protocol: null,
128 verbose parsed url   slashes: null,
128 verbose parsed url   auth: null,
128 verbose parsed url   host: null,
128 verbose parsed url   port: null,
128 verbose parsed url   hostname: null,
128 verbose parsed url   hash: null,
128 verbose parsed url   search: null,
128 verbose parsed url   query: null,
128 verbose parsed url   pathname: '^0.2.6',
128 verbose parsed url   path: '^0.2.6',
128 verbose parsed url   href: '^0.2.6' }
129 verbose addNamed [ 'shelljs', '^0.2.6' ]
130 verbose addNamed [ null, '>=0.2.6-0 <0.3.0-0' ]
131 silly lockFile cdaabbbd-shelljs-0-2-6 shelljs@^0.2.6
132 verbose lock shelljs@^0.2.6 /Users/che.mcnabb/.npm/cdaabbbd-shelljs-0-2-6.lock
133 verbose request where is /grunt-contrib-uglify
134 verbose request registry https://registry.npmjs.org/
135 verbose url raw /grunt-contrib-uglify
136 verbose url resolving [ 'https://registry.npmjs.org/', './grunt-contrib-uglify' ]
137 verbose url resolved https://registry.npmjs.org/grunt-contrib-uglify
138 verbose request where is https://registry.npmjs.org/grunt-contrib-uglify
139 info trying registry request attempt 1 at 09:32:54
140 http GET https://registry.npmjs.org/grunt-contrib-uglify
141 silly addNameRange { name: 'karma', range: '>=0.12.16-0 <0.13.0-0', hasData: false }
142 silly addNameRange { name: 'karma-chrome-launcher',
142 silly addNameRange   range: '>=0.1.4-0 <0.2.0-0',
142 silly addNameRange   hasData: false }
143 verbose request where is /karma
144 verbose request registry https://registry.npmjs.org/
145 verbose url raw /karma
146 verbose url resolving [ 'https://registry.npmjs.org/', './karma' ]
147 verbose url resolved https://registry.npmjs.org/karma
148 verbose request where is https://registry.npmjs.org/karma
149 info trying registry request attempt 1 at 09:32:54
150 http GET https://registry.npmjs.org/karma
151 silly addNameRange { name: 'karma-jasmine',
151 silly addNameRange   range: '>=0.1.5-0 <0.2.0-0',
151 silly addNameRange   hasData: false }
152 silly addNameRange { name: 'protractor',
152 silly addNameRange   range: '>=1.0.0-0 <1.1.0-0',
152 silly addNameRange   hasData: false }
153 silly addNameRange { name: 'http-server',
153 silly addNameRange   range: '>=0.6.1-0 <0.7.0-0',
153 silly addNameRange   hasData: false }
154 silly addNameRange { name: 'bower', range: '>=1.3.1-0 <2.0.0-0', hasData: false }
155 verbose request where is /karma-chrome-launcher
156 verbose request registry https://registry.npmjs.org/
157 verbose url raw /karma-chrome-launcher
158 verbose url resolving [ 'https://registry.npmjs.org/', './karma-chrome-launcher' ]
159 verbose url resolved https://registry.npmjs.org/karma-chrome-launcher
160 verbose request where is https://registry.npmjs.org/karma-chrome-launcher
161 info trying registry request attempt 1 at 09:32:54
162 http GET https://registry.npmjs.org/karma-chrome-launcher
163 silly addNameRange { name: 'shelljs', range: '>=0.2.6-0 <0.3.0-0', hasData: false }
164 verbose request where is /karma-jasmine
165 verbose request registry https://registry.npmjs.org/
166 verbose url raw /karma-jasmine
167 verbose url resolving [ 'https://registry.npmjs.org/', './karma-jasmine' ]
168 verbose url resolved https://registry.npmjs.org/karma-jasmine
169 verbose request where is https://registry.npmjs.org/karma-jasmine
170 info trying registry request attempt 1 at 09:32:55
171 http GET https://registry.npmjs.org/karma-jasmine
172 verbose request where is /protractor
173 verbose request registry https://registry.npmjs.org/
174 verbose url raw /protractor
175 verbose url resolving [ 'https://registry.npmjs.org/', './protractor' ]
176 verbose url resolved https://registry.npmjs.org/protractor
177 verbose request where is https://registry.npmjs.org/protractor
178 info trying registry request attempt 1 at 09:32:55
179 http GET https://registry.npmjs.org/protractor
180 verbose request where is /http-server
181 verbose request registry https://registry.npmjs.org/
182 verbose url raw /http-server
183 verbose url resolving [ 'https://registry.npmjs.org/', './http-server' ]
184 verbose url resolved https://registry.npmjs.org/http-server
185 verbose request where is https://registry.npmjs.org/http-server
186 info trying registry request attempt 1 at 09:32:55
187 http GET https://registry.npmjs.org/http-server
188 verbose request where is /tmp
189 verbose request registry https://registry.npmjs.org/
190 verbose url raw /tmp
191 verbose url resolving [ 'https://registry.npmjs.org/', './tmp' ]
192 verbose url resolved https://registry.npmjs.org/tmp
193 verbose request where is https://registry.npmjs.org/tmp
194 info trying registry request attempt 1 at 09:32:55
195 verbose etag "6EXAQCQJKH3FDL17IW06WB5I1"
196 http GET https://registry.npmjs.org/tmp
197 verbose request where is /shelljs
198 verbose request registry https://registry.npmjs.org/
199 verbose url raw /shelljs
200 verbose url resolving [ 'https://registry.npmjs.org/', './shelljs' ]
201 verbose url resolved https://registry.npmjs.org/shelljs
202 verbose request where is https://registry.npmjs.org/shelljs
203 info trying registry request attempt 1 at 09:32:55
204 verbose etag "5S7MDN2Y72ZV5GI3YNV1I7NSX"
205 http GET https://registry.npmjs.org/shelljs
206 verbose request where is /bower
207 verbose request registry https://registry.npmjs.org/
208 verbose url raw /bower
209 verbose url resolving [ 'https://registry.npmjs.org/', './bower' ]
210 verbose url resolved https://registry.npmjs.org/bower
211 verbose request where is https://registry.npmjs.org/bower
212 info trying registry request attempt 1 at 09:32:55
213 verbose etag "5IH3YVKIZ3VMGKRZP2FHQWVQM"
214 http GET https://registry.npmjs.org/bower
215 http 200 https://registry.npmjs.org/grunt-contrib-uglify
216 silly registry.get cb [ 200,
216 silly registry.get   { date: 'Tue, 28 Oct 2014 13:32:55 GMT',
216 silly registry.get     server: 'CouchDB/1.5.0 (Erlang OTP/R16B03)',
216 silly registry.get     etag: '"33LE3XG7R1MI4CRADK2FZ3HTJ"',
216 silly registry.get     'content-type': 'application/json',
216 silly registry.get     'cache-control': 'max-age=60',
216 silly registry.get     'content-length': '53282',
216 silly registry.get     'accept-ranges': 'bytes',
216 silly registry.get     via: '1.1 varnish',
216 silly registry.get     age: '8',
216 silly registry.get     'x-served-by': 'cache-ord1735-ORD',
216 silly registry.get     'x-cache': 'HIT',
216 silly registry.get     'x-cache-hits': '2',
216 silly registry.get     'x-timer': 'S1414503175.418969,VS0,VE0',
216 silly registry.get     vary: 'Accept',
216 silly registry.get     'keep-alive': 'timeout=10, max=50',
216 silly registry.get     connection: 'Keep-Alive' } ]
217 http 200 https://registry.npmjs.org/grunt-contrib-jshint
218 silly registry.get cb [ 200,
218 silly registry.get   { date: 'Tue, 28 Oct 2014 13:32:55 GMT',
218 silly registry.get     server: 'CouchDB/1.5.0 (Erlang OTP/R16B03)',
218 silly registry.get     etag: '"CL8GFJ2W2WB5Z07PZE70JTKYL"',
218 silly registry.get     'content-type': 'application/json',
218 silly registry.get     'cache-control': 'max-age=60',
218 silly registry.get     'content-length': '51742',
218 silly registry.get     'accept-ranges': 'bytes',
218 silly registry.get     via: '1.1 varnish',
218 silly registry.get     age: '20',
218 silly registry.get     'x-served-by': 'cache-ord1723-ORD',
218 silly registry.get     'x-cache': 'HIT',
218 silly registry.get     'x-cache-hits': '3',
218 silly registry.get     'x-timer': 'S1414503175.420196,VS0,VE0',
218 silly registry.get     vary: 'Accept',
218 silly registry.get     'keep-alive': 'timeout=10, max=50',
218 silly registry.get     connection: 'Keep-Alive' } ]
219 silly addNameRange number 2 { name: 'grunt-contrib-jshint',
219 silly addNameRange   range: '>=0.10.0-0 <0.11.0-0',
219 silly addNameRange   hasData: true }
220 silly addNameRange versions [ 'grunt-contrib-jshint',
220 silly addNameRange   [ '0.1.0',
220 silly addNameRange     '0.1.1',
220 silly addNameRange     '0.2.0',
220 silly addNameRange     '0.3.0',
220 silly addNameRange     '0.4.0',
220 silly addNameRange     '0.4.1',
220 silly addNameRange     '0.4.2',
220 silly addNameRange     '0.4.3',
220 silly addNameRange     '0.5.0',
220 silly addNameRange     '0.5.1',
220 silly addNameRange     '0.5.2',
220 silly addNameRange     '0.5.3',
220 silly addNameRange     '0.5.4',
220 silly addNameRange     '0.6.0',
220 silly addNameRange     '0.6.1',
220 silly addNameRange     '0.6.2',
220 silly addNameRange     '0.6.3',
220 silly addNameRange     '0.6.4',
220 silly addNameRange     '0.6.5',
220 silly addNameRange     '0.7.0',
220 silly addNameRange     '0.7.1',
220 silly addNameRange     '0.7.2',
220 silly addNameRange     '0.8.0',
220 silly addNameRange     '0.9.0',
220 silly addNameRange     '0.9.1',
220 silly addNameRange     '0.9.2',
220 silly addNameRange     '0.10.0',
220 silly addNameRange     '0.1.1-rc5',
220 silly addNameRange     '0.1.1-rc6' ] ]
221 verbose addNamed [ 'grunt-contrib-jshint', '0.10.0' ]
222 verbose addNamed [ '0.10.0', '0.10.0' ]
223 silly lockFile af8d4102-grunt-contrib-jshint-0-10-0 grunt-contrib-jshint@0.10.0
224 verbose lock grunt-contrib-jshint@0.10.0 /Users/che.mcnabb/.npm/af8d4102-grunt-contrib-jshint-0-10-0.lock
225 silly addNameRange number 2 { name: 'grunt-contrib-uglify',
225 silly addNameRange   range: '>=0.5.0-0 <0.6.0-0',
225 silly addNameRange   hasData: true }
226 silly addNameRange versions [ 'grunt-contrib-uglify',
226 silly addNameRange   [ '0.1.0',
226 silly addNameRange     '0.1.1',
226 silly addNameRange     '0.1.2',
226 silly addNameRange     '0.2.0',
226 silly addNameRange     '0.2.1',
226 silly addNameRange     '0.2.2',
226 silly addNameRange     '0.2.3',
226 silly addNameRange     '0.2.4',
226 silly addNameRange     '0.2.5',
226 silly addNameRange     '0.2.6',
226 silly addNameRange     '0.2.7',
226 silly addNameRange     '0.3.0',
226 silly addNameRange     '0.3.1',
226 silly addNameRange     '0.1.1-rc5',
226 silly addNameRange     '0.1.1-rc6',
226 silly addNameRange     '0.3.2',
226 silly addNameRange     '0.3.3',
226 silly addNameRange     '0.4.0',
226 silly addNameRange     '0.5.0',
226 silly addNameRange     '0.4.1',
226 silly addNameRange     '0.5.1',
226 silly addNameRange     '0.6.0' ] ]
227 verbose addNamed [ 'grunt-contrib-uglify', '0.5.1' ]
228 verbose addNamed [ '0.5.1', '0.5.1' ]
229 silly lockFile a34481be-grunt-contrib-uglify-0-5-1 grunt-contrib-uglify@0.5.1
230 verbose lock grunt-contrib-uglify@0.5.1 /Users/che.mcnabb/.npm/a34481be-grunt-contrib-uglify-0-5-1.lock
231 silly lockFile 97fbf99a--grunt-contrib-jshint-0-10-0-tgz https://registry.npmjs.org/grunt-contrib-jshint/-/grunt-contrib-jshint-0.10.0.tgz
232 verbose lock https://registry.npmjs.org/grunt-contrib-jshint/-/grunt-contrib-jshint-0.10.0.tgz /Users/che.mcnabb/.npm/97fbf99a--grunt-contrib-jshint-0-10-0-tgz.lock
233 silly lockFile c69dfd91-y-grunt-contrib-uglify-0-5-1-tgz https://registry.npmjs.org/grunt-contrib-uglify/-/grunt-contrib-uglify-0.5.1.tgz
234 verbose lock https://registry.npmjs.org/grunt-contrib-uglify/-/grunt-contrib-uglify-0.5.1.tgz /Users/che.mcnabb/.npm/c69dfd91-y-grunt-contrib-uglify-0-5-1-tgz.lock
235 verbose addRemoteTarball [ 'https://registry.npmjs.org/grunt-contrib-jshint/-/grunt-contrib-jshint-0.10.0.tgz',
235 verbose addRemoteTarball   '57ebccca87e8f327af6645d8a3c586d4845e4d81' ]
236 verbose addRemoteTarball [ 'https://registry.npmjs.org/grunt-contrib-uglify/-/grunt-contrib-uglify-0.5.1.tgz',
236 verbose addRemoteTarball   '15f0aa5e8e8ba421aea980879ee505bc712b6cde' ]
237 info retry fetch attempt 1 at 09:32:55
238 verbose fetch to= /var/folders/3k/5654hzl54k16fc9gbglfc0d4f8mrmk/T/npm-1521-TNLAf9r7/registry.npmjs.org/grunt-contrib-jshint/-/grunt-contrib-jshint-0.10.0.tgz
239 info retry fetch attempt 1 at 09:32:55
240 verbose fetch to= /var/folders/3k/5654hzl54k16fc9gbglfc0d4f8mrmk/T/npm-1521-TNLAf9r7/registry.npmjs.org/grunt-contrib-uglify/-/grunt-contrib-uglify-0.5.1.tgz
241 http GET https://registry.npmjs.org/grunt-contrib-jshint/-/grunt-contrib-jshint-0.10.0.tgz
242 http GET https://registry.npmjs.org/grunt-contrib-uglify/-/grunt-contrib-uglify-0.5.1.tgz
243 http 200 https://registry.npmjs.org/protractor
244 silly registry.get cb [ 200,
244 silly registry.get   { date: 'Tue, 28 Oct 2014 13:32:55 GMT',
244 silly registry.get     server: 'CouchDB/1.5.0 (Erlang OTP/R16B03)',
244 silly registry.get     etag: '"CDA1HMR27J11SJF2DBOX1SHBH"',
244 silly registry.get     'content-type': 'application/json',
244 silly registry.get     'cache-control': 'max-age=60',
244 silly registry.get     'content-length': '73494',
244 silly registry.get     'accept-ranges': 'bytes',
244 silly registry.get     via: '1.1 varnish',
244 silly registry.get     age: '7',
244 silly registry.get     'x-served-by': 'cache-ord1723-ORD',
244 silly registry.get     'x-cache': 'HIT',
244 silly registry.get     'x-cache-hits': '1',
244 silly registry.get     'x-timer': 'S1414503175.490715,VS0,VE1',
244 silly registry.get     vary: 'Accept',
244 silly registry.get     'keep-alive': 'timeout=10, max=49',
244 silly registry.get     connection: 'Keep-Alive' } ]
245 silly addNameRange number 2 { name: 'protractor',
245 silly addNameRange   range: '>=1.0.0-0 <1.1.0-0',
245 silly addNameRange   hasData: true }
246 silly addNameRange versions [ 'protractor',
246 silly addNameRange   [ '0.1.0',
246 silly addNameRange     '0.1.1',
246 silly addNameRange     '0.1.2',
246 silly addNameRange     '0.1.3',
246 silly addNameRange     '0.2.0',
246 silly addNameRange     '0.2.1',
246 silly addNameRange     '0.3.0',
246 silly addNameRange     '0.4.0',
246 silly addNameRange     '0.4.1',
246 silly addNameRange     '0.5.0',
246 silly addNameRange     '0.6.1',
246 silly addNameRange     '0.7.0',
246 silly addNameRange     '0.8.0',
246 silly addNameRange     '0.9.0',
246 silly addNameRange     '0.10.0',
246 silly addNameRange     '0.11.0',
246 silly addNameRange     '0.12.0',
246 silly addNameRange     '0.12.1',
246 silly addNameRange     '0.13.0',
246 silly addNameRange     '0.14.0',
246 silly addNameRange     '0.15.0',
246 silly addNameRange     '0.16.0',
246 silly addNameRange     '0.16.1',
246 silly addNameRange     '0.17.0',
246 silly addNameRange     '0.18.0',
246 silly addNameRange     '0.18.1',
246 silly addNameRange     '0.19.0',
246 silly addNameRange     '0.20.0',
246 silly addNameRange     '0.20.1',
246 silly addNameRange     '0.21.0',
246 silly addNameRange     '0.22.0',
246 silly addNameRange     '0.23.0',
246 silly addNameRange     '0.23.1',
246 silly addNameRange     '0.24.0',
246 silly addNameRange     '0.24.1',
246 silly addNameRange     '0.24.2',
246 silly addNameRange     '1.0.0-rc1',
246 silly addNameRange     '1.0.0-rc2',
246 silly addNameRange     '1.0.0-rc3',
246 silly addNameRange     '1.0.0-rc4',
246 silly addNameRange     '1.0.0-rc5',
246 silly addNameRange     '1.0.0-rc6',
246 silly addNameRange     '1.0.0',
246 silly addNameRange     '1.1.0',
246 silly addNameRange     '1.1.1',
246 silly addNameRange     '1.2.0-beta1',
246 silly addNameRange     '1.2.0',
246 silly addNameRange     '1.3.0',
246 silly addNameRange     '1.3.1' ] ]
247 verbose addNamed [ 'protractor', '1.0.0' ]
248 verbose addNamed [ '1.0.0', '1.0.0' ]
249 silly lockFile 5242d932-protractor-1-0-0 protractor@1.0.0
250 verbose lock protractor@1.0.0 /Users/che.mcnabb/.npm/5242d932-protractor-1-0-0.lock
251 silly lockFile c833e44c--protractor-protractor-1-0-0-tgz https://registry.npmjs.org/protractor/-/protractor-1.0.0.tgz
252 verbose lock https://registry.npmjs.org/protractor/-/protractor-1.0.0.tgz /Users/che.mcnabb/.npm/c833e44c--protractor-protractor-1-0-0-tgz.lock
253 verbose addRemoteTarball [ 'https://registry.npmjs.org/protractor/-/protractor-1.0.0.tgz',
253 verbose addRemoteTarball   '3b0305712b5fff351b72f80e59c4e0874ea8a473' ]
254 info retry fetch attempt 1 at 09:32:55
255 verbose fetch to= /var/folders/3k/5654hzl54k16fc9gbglfc0d4f8mrmk/T/npm-1521-TNLAf9r7/registry.npmjs.org/protractor/-/protractor-1.0.0.tgz
256 http GET https://registry.npmjs.org/protractor/-/protractor-1.0.0.tgz
257 http 200 https://registry.npmjs.org/karma
258 silly registry.get cb [ 200,
258 silly registry.get   { date: 'Tue, 28 Oct 2014 13:32:55 GMT',
258 silly registry.get     server: 'CouchDB/1.5.0 (Erlang OTP/R16B03)',
258 silly registry.get     etag: '"LHHU1REEMRGYHMYNYLHPMJUZ"',
258 silly registry.get     'content-type': 'application/json',
258 silly registry.get     'cache-control': 'max-age=60',
258 silly registry.get     'content-length': '513548',
258 silly registry.get     'accept-ranges': 'bytes',
258 silly registry.get     via: '1.1 varnish',
258 silly registry.get     age: '25',
258 silly registry.get     'x-served-by': 'cache-ord1723-ORD',
258 silly registry.get     'x-cache': 'HIT',
258 silly registry.get     'x-cache-hits': '1',
258 silly registry.get     'x-timer': 'S1414503175.417463,VS0,VE1',
258 silly registry.get     vary: 'Accept',
258 silly registry.get     'keep-alive': 'timeout=10, max=50',
258 silly registry.get     connection: 'Keep-Alive' } ]
259 http 200 https://registry.npmjs.org/karma-chrome-launcher
260 silly registry.get cb [ 200,
260 silly registry.get   { date: 'Tue, 28 Oct 2014 13:32:55 GMT',
260 silly registry.get     server: 'CouchDB/1.5.0 (Erlang OTP/R16B03)',
260 silly registry.get     etag: '"3JE0NHD9CKD2YUMUXT6Y2BEQB"',
260 silly registry.get     'content-type': 'application/json',
260 silly registry.get     'cache-control': 'max-age=60',
260 silly registry.get     'content-length': '11627',
260 silly registry.get     'accept-ranges': 'bytes',
260 silly registry.get     via: '1.1 varnish',
260 silly registry.get     age: '0',
260 silly registry.get     'x-served-by': 'cache-ord1734-ORD',
260 silly registry.get     'x-cache': 'HIT',
260 silly registry.get     'x-cache-hits': '1',
260 silly registry.get     'x-timer': 'S1414503175.423965,VS0,VE133',
260 silly registry.get     vary: 'Accept',
260 silly registry.get     'keep-alive': 'timeout=10, max=50',
260 silly registry.get     connection: 'Keep-Alive' } ]
261 http 200 https://registry.npmjs.org/http-server
262 silly registry.get cb [ 200,
262 silly registry.get   { date: 'Tue, 28 Oct 2014 13:32:55 GMT',
262 silly registry.get     server: 'CouchDB/1.5.0 (Erlang OTP/R16B03)',
262 silly registry.get     etag: '"53GHQM43VNWCEZ2XXL10NPAOV"',
262 silly registry.get     'content-type': 'application/json',
262 silly registry.get     'cache-control': 'max-age=60',
262 silly registry.get     'content-length': '36070',
262 silly registry.get     'accept-ranges': 'bytes',
262 silly registry.get     via: '1.1 varnish',
262 silly registry.get     age: '0',
262 silly registry.get     'x-served-by': 'cache-ord1723-ORD',
262 silly registry.get     'x-cache': 'MISS',
262 silly registry.get     'x-cache-hits': '0',
262 silly registry.get     'x-timer': 'S1414503175.530974,VS0,VE29',
262 silly registry.get     vary: 'Accept',
262 silly registry.get     'keep-alive': 'timeout=10, max=48',
262 silly registry.get     connection: 'Keep-Alive' } ]
263 http 200 https://registry.npmjs.org/grunt-contrib-jshint/-/grunt-contrib-jshint-0.10.0.tgz
264 http 200 https://registry.npmjs.org/grunt-contrib-nodeunit
265 silly registry.get cb [ 200,
265 silly registry.get   { date: 'Tue, 28 Oct 2014 13:32:55 GMT',
265 silly registry.get     server: 'CouchDB/1.5.0 (Erlang OTP/R16B03)',
265 silly registry.get     etag: '"1OLDNQEGLC9C3O190UVFQSB4B"',
265 silly registry.get     'content-type': 'application/json',
265 silly registry.get     'cache-control': 'max-age=60',
265 silly registry.get     'content-length': '25389',
265 silly registry.get     'accept-ranges': 'bytes',
265 silly registry.get     via: '1.1 varnish',
265 silly registry.get     age: '0',
265 silly registry.get     'x-served-by': 'cache-ord1730-ORD',
265 silly registry.get     'x-cache': 'HIT',
265 silly registry.get     'x-cache-hits': '1',
265 silly registry.get     'x-timer': 'S1414503175.415600,VS0,VE140',
265 silly registry.get     vary: 'Accept',
265 silly registry.get     'keep-alive': 'timeout=10, max=50',
265 silly registry.get     connection: 'Keep-Alive' } ]
266 http 304 https://registry.npmjs.org/tmp
267 silly registry.get cb [ 304,
267 silly registry.get   { date: 'Tue, 28 Oct 2014 13:32:55 GMT',
267 silly registry.get     server: 'Apache',
267 silly registry.get     via: '1.1 varnish',
267 silly registry.get     'last-modified': 'Tue, 28 Oct 2014 13:32:55 GMT',
267 silly registry.get     'cache-control': 'max-age=60',
267 silly registry.get     etag: '"6EXAQCQJKH3FDL17IW06WB5I1"',
267 silly registry.get     age: '3',
267 silly registry.get     'x-served-by': 'cache-ord1723-ORD',
267 silly registry.get     'x-cache': 'HIT',
267 silly registry.get     'x-cache-hits': '1',
267 silly registry.get     'x-timer': 'S1414503175.573977,VS0,VE0',
267 silly registry.get     vary: 'Accept',
267 silly registry.get     'content-length': '0',
267 silly registry.get     'keep-alive': 'timeout=10, max=49',
267 silly registry.get     connection: 'Keep-Alive' } ]
268 verbose etag https://registry.npmjs.org/tmp from cache
269 http 200 https://registry.npmjs.org/grunt-contrib-uglify/-/grunt-contrib-uglify-0.5.1.tgz
270 http 304 https://registry.npmjs.org/shelljs
271 silly registry.get cb [ 304,
271 silly registry.get   { date: 'Tue, 28 Oct 2014 13:32:55 GMT',
271 silly registry.get     server: 'Apache',
271 silly registry.get     via: '1.1 varnish',
271 silly registry.get     'last-modified': 'Tue, 28 Oct 2014 13:32:55 GMT',
271 silly registry.get     'cache-control': 'max-age=60',
271 silly registry.get     etag: '"5S7MDN2Y72ZV5GI3YNV1I7NSX"',
271 silly registry.get     age: '29',
271 silly registry.get     'x-served-by': 'cache-ord1734-ORD',
271 silly registry.get     'x-cache': 'HIT',
271 silly registry.get     'x-cache-hits': '1',
271 silly registry.get     'x-timer': 'S1414503175.577438,VS0,VE0',
271 silly registry.get     vary: 'Accept',
271 silly registry.get     'content-length': '0',
271 silly registry.get     'keep-alive': 'timeout=10, max=49',
271 silly registry.get     connection: 'Keep-Alive' } ]
272 verbose etag https://registry.npmjs.org/shelljs from cache
273 silly addNameRange number 2 { name: 'karma', range: '>=0.12.16-0 <0.13.0-0', hasData: true }
274 silly addNameRange versions [ 'karma',
274 silly addNameRange   [ '0.8.0',
274 silly addNameRange     '0.9.0-dart',
274 silly addNameRange     '0.8.1',
274 silly addNameRange     '0.8.2',
274 silly addNameRange     '0.8.3',
274 silly addNameRange     '0.9.0',
274 silly addNameRange     '0.8.4',
274 silly addNameRange     '0.9.1',
274 silly addNameRange     '0.8.5',
274 silly addNameRange     '0.9.2',
274 silly addNameRange     '0.9.2-dart',
274 silly addNameRange     '0.9.3',
274 silly addNameRange     '0.8.6',
274 silly addNameRange     '0.9.4',
274 silly addNameRange     '0.8.7',
274 silly addNameRange     '0.9.5',
274 silly addNameRange     '0.9.6',
274 silly addNameRange     '0.8.8',
274 silly addNameRange     '0.9.7',
274 silly addNameRange     '0.9.8',
274 silly addNameRange     '0.10.0',
274 silly addNameRange     '0.10.1',
274 silly addNameRange     '0.10.2',
274 silly addNameRange     '0.11.0',
274 silly addNameRange     '0.11.1',
274 silly addNameRange     '0.10.3',
274 silly addNameRange     '0.10.4',
274 silly addNameRange     '0.11.2',
274 silly addNameRange     '0.11.3',
274 silly addNameRange     '0.10.5',
274 silly addNameRange     '0.11.4',
274 silly addNameRange     '0.11.5',
274 silly addNameRange     '0.10.6',
274 silly addNameRange     '0.11.6',
274 silly addNameRange     '0.10.7',
274 silly addNameRange     '0.11.7',
274 silly addNameRange     '0.11.8',
274 silly addNameRange     '0.11.9',
274 silly addNameRange     '0.10.8',
274 silly addNameRange     '0.11.10',
274 silly addNameRange     '0.11.11',
274 silly addNameRange     '0.11.12',
274 silly addNameRange     '0.11.11-dev',
274 silly addNameRange     '0.10.9',
274 silly addNameRange     '0.11.12-dev',
274 silly addNameRange     '0.11.12-dev2',
274 silly addNameRange     '0.11.13',
274 silly addNameRange     '0.11.14',
274 silly addNameRange     '0.12.0',
274 silly addNameRange     '0.10.10',
274 silly addNameRange     '0.12.1',
274 silly addNameRange     '0.12.2',
274 silly addNameRange     '0.12.3',
274 silly addNameRange     '0.12.4',
274 silly addNameRange     '0.12.5',
274 silly addNameRange     '0.12.6',
274 silly addNameRange     '0.12.6-beta-43e6e28',
274 silly addNameRange     '0.12.7',
274 silly addNameRange     '0.12.8',
274 silly addNameRange     '0.12.9',
274 silly addNameRange     '0.12.10',
274 silly addNameRange     '0.12.11',
274 silly addNameRange     '0.12.12',
274 silly addNameRange     '0.12.11-beta-3029418',
274 silly addNameRange     '0.12.13',
274 silly addNameRange     '0.12.14',
274 silly addNameRange     '0.12.15',
274 silly addNameRange     '0.12.16',
274 silly addNameRange     '0.12.16-beta-905422d',
274 silly addNameRange     '0.12.17',
274 silly addNameRange     '0.12.18',
274 silly addNameRange     '0.12.19',
274 silly addNameRange     '0.12.20',
274 silly addNameRange     '0.12.21',
274 silly addNameRange     '0.12.22',
274 silly addNameRange     '0.12.23',
274 silly addNameRange     '0.12.24' ] ]
275 verbose addNamed [ 'karma', '0.12.24' ]
276 verbose addNamed [ '0.12.24', '0.12.24' ]
277 silly lockFile 11b8d689-karma-0-12-24 karma@0.12.24
278 verbose lock karma@0.12.24 /Users/che.mcnabb/.npm/11b8d689-karma-0-12-24.lock
279 silly addNameRange number 2 { name: 'karma-chrome-launcher',
279 silly addNameRange   range: '>=0.1.4-0 <0.2.0-0',
279 silly addNameRange   hasData: true }
280 silly addNameRange versions [ 'karma-chrome-launcher',
280 silly addNameRange   [ '0.0.1',
280 silly addNameRange     '0.0.2',
280 silly addNameRange     '0.1.0',
280 silly addNameRange     '0.1.1',
280 silly addNameRange     '0.1.2',
280 silly addNameRange     '0.1.3',
280 silly addNameRange     '0.1.4',
280 silly addNameRange     '0.1.5' ] ]
281 verbose addNamed [ 'karma-chrome-launcher', '0.1.5' ]
282 verbose addNamed [ '0.1.5', '0.1.5' ]
283 silly lockFile 8243f81a-karma-chrome-launcher-0-1-5 karma-chrome-launcher@0.1.5
284 verbose lock karma-chrome-launcher@0.1.5 /Users/che.mcnabb/.npm/8243f81a-karma-chrome-launcher-0-1-5.lock
285 silly addNameRange number 2 { name: 'http-server',
285 silly addNameRange   range: '>=0.6.1-0 <0.7.0-0',
285 silly addNameRange   hasData: true }
286 silly addNameRange versions [ 'http-server',
286 silly addNameRange   [ '0.1.0',
286 silly addNameRange     '0.1.1',
286 silly addNameRange     '0.1.3',
286 silly addNameRange     '0.2.1',
286 silly addNameRange     '0.2.2',
286 silly addNameRange     '0.2.3',
286 silly addNameRange     '0.2.4',
286 silly addNameRange     '0.2.5',
286 silly addNameRange     '0.2.6',
286 silly addNameRange     '0.2.9',
286 silly addNameRange     '0.3.0',
286 silly addNameRange     '0.4.0',
286 silly addNameRange     '0.4.1',
286 silly addNameRange     '0.5.0',
286 silly addNameRange     '0.5.1',
286 silly addNameRange     '0.5.2',
286 silly addNameRange     '0.5.3',
286 silly addNameRange     '0.5.5',
286 silly addNameRange     '0.6.0',
286 silly addNameRange     '0.6.1',
286 silly addNameRange     '0.7.0',
286 silly addNameRange     '0.7.1',
286 silly addNameRange     '0.7.2' ] ]
287 verbose addNamed [ 'http-server', '0.6.1' ]
288 verbose addNamed [ '0.6.1', '0.6.1' ]
289 silly lockFile 1e2b2518-http-server-0-6-1 http-server@0.6.1
290 verbose lock http-server@0.6.1 /Users/che.mcnabb/.npm/1e2b2518-http-server-0-6-1.lock
291 silly addNameRange number 2 { name: 'shelljs', range: '>=0.2.6-0 <0.3.0-0', hasData: true }
292 silly addNameRange versions [ 'shelljs',
292 silly addNameRange   [ '0.0.1',
292 silly addNameRange     '0.0.2',
292 silly addNameRange     '0.0.3',
292 silly addNameRange     '0.0.4',
292 silly addNameRange     '0.0.5',
292 silly addNameRange     '0.0.6',
292 silly addNameRange     '0.0.7',
292 silly addNameRange     '0.0.8',
292 silly addNameRange     '0.0.9',
292 silly addNameRange     '0.1.0',
292 silly addNameRange     '0.1.1',
292 silly addNameRange     '0.1.2',
292 silly addNameRange     '0.1.3',
292 silly addNameRange     '0.1.4',
292 silly addNameRange     '0.2.0',
292 silly addNameRange     '0.2.1',
292 silly addNameRange     '0.2.2',
292 silly addNameRange     '0.2.3',
292 silly addNameRange     '0.2.4',
292 silly addNameRange     '0.2.5',
292 silly addNameRange     '0.2.6',
292 silly addNameRange     '0.3.0',
292 silly addNameRange     '0.0.1-alpha1',
292 silly addNameRange     '0.0.2-pre1',
292 silly addNameRange     '0.0.4-pre1',
292 silly addNameRange     '0.0.5-pre1',
292 silly addNameRange     '0.0.5-pre2',
292 silly addNameRange     '0.0.5-pre3',
292 silly addNameRange     '0.0.5-pre4',
292 silly addNameRange     '0.0.6-pre1',
292 silly addNameRange     '0.0.6-pre2' ] ]
293 verbose addNamed [ 'shelljs', '0.2.6' ]
294 verbose addNamed [ '0.2.6', '0.2.6' ]
295 silly lockFile 542b9617-shelljs-0-2-6 shelljs@0.2.6
296 verbose lock shelljs@0.2.6 /Users/che.mcnabb/.npm/542b9617-shelljs-0-2-6.lock
297 silly lockFile 1301bd88-pmjs-org-karma-karma-0-12-24-tgz https://registry.npmjs.org/karma/-/karma-0.12.24.tgz
298 verbose lock https://registry.npmjs.org/karma/-/karma-0.12.24.tgz /Users/che.mcnabb/.npm/1301bd88-pmjs-org-karma-karma-0-12-24-tgz.lock
299 silly addNameRange number 2 { name: 'grunt-contrib-nodeunit',
299 silly addNameRange   range: '>=0.4.1-0 <0.5.0-0',
299 silly addNameRange   hasData: true }
300 silly addNameRange versions [ 'grunt-contrib-nodeunit',
300 silly addNameRange   [ '0.1.0',
300 silly addNameRange     '0.1.1',
300 silly addNameRange     '0.1.2',
300 silly addNameRange     '0.2.0',
300 silly addNameRange     '0.2.1',
300 silly addNameRange     '0.2.2',
300 silly addNameRange     '0.3.0',
300 silly addNameRange     '0.1.2-rc5',
300 silly addNameRange     '0.1.2-rc6',
300 silly addNameRange     '0.3.1',
300 silly addNameRange     '0.3.2',
300 silly addNameRange     '0.3.3',
300 silly addNameRange     '0.4.0',
300 silly addNameRange     '0.4.1' ] ]
301 verbose addNamed [ 'grunt-contrib-nodeunit', '0.4.1' ]
302 verbose addNamed [ '0.4.1', '0.4.1' ]
303 silly lockFile 3261ce55-grunt-contrib-nodeunit-0-4-1 grunt-contrib-nodeunit@0.4.1
304 verbose lock grunt-contrib-nodeunit@0.4.1 /Users/che.mcnabb/.npm/3261ce55-grunt-contrib-nodeunit-0-4-1.lock
305 silly lockFile 8901bcd1--karma-chrome-launcher-0-1-5-tgz https://registry.npmjs.org/karma-chrome-launcher/-/karma-chrome-launcher-0.1.5.tgz
306 verbose lock https://registry.npmjs.org/karma-chrome-launcher/-/karma-chrome-launcher-0.1.5.tgz /Users/che.mcnabb/.npm/8901bcd1--karma-chrome-launcher-0-1-5-tgz.lock
307 silly lockFile c3f4b4b6-ttp-server-http-server-0-6-1-tgz https://registry.npmjs.org/http-server/-/http-server-0.6.1.tgz
308 verbose lock https://registry.npmjs.org/http-server/-/http-server-0.6.1.tgz /Users/che.mcnabb/.npm/c3f4b4b6-ttp-server-http-server-0-6-1-tgz.lock
309 verbose addRemoteTarball [ 'https://registry.npmjs.org/karma/-/karma-0.12.24.tgz',
309 verbose addRemoteTarball   'edd66dd4698acb2227b2b3797467a477d951379d' ]
310 silly lockFile dde8a805-js-org-shelljs-shelljs-0-2-6-tgz https://registry.npmjs.org/shelljs/-/shelljs-0.2.6.tgz
311 verbose lock https://registry.npmjs.org/shelljs/-/shelljs-0.2.6.tgz /Users/che.mcnabb/.npm/dde8a805-js-org-shelljs-shelljs-0-2-6-tgz.lock
312 verbose addRemoteTarball [ 'https://registry.npmjs.org/karma-chrome-launcher/-/karma-chrome-launcher-0.1.5.tgz',
312 verbose addRemoteTarball   '70e95dca5c4d7a15884850daa3ab60d648dbfe8b' ]
313 silly lockFile 386c66f6-grunt-contrib-nodeunit-0-4-1-tgz https://registry.npmjs.org/grunt-contrib-nodeunit/-/grunt-contrib-nodeunit-0.4.1.tgz
314 verbose lock https://registry.npmjs.org/grunt-contrib-nodeunit/-/grunt-contrib-nodeunit-0.4.1.tgz /Users/che.mcnabb/.npm/386c66f6-grunt-contrib-nodeunit-0-4-1-tgz.lock
315 verbose addRemoteTarball [ 'https://registry.npmjs.org/http-server/-/http-server-0.6.1.tgz',
315 verbose addRemoteTarball   '06fce65cf2bd4132a578bdac62ffacb97d613981' ]
316 verbose addRemoteTarball [ 'https://registry.npmjs.org/shelljs/-/shelljs-0.2.6.tgz',
316 verbose addRemoteTarball   '90492d72ffcc8159976baba62fb0f6884f0c3378' ]
317 info retry fetch attempt 1 at 09:32:55
318 verbose fetch to= /var/folders/3k/5654hzl54k16fc9gbglfc0d4f8mrmk/T/npm-1521-TNLAf9r7/registry.npmjs.org/karma/-/karma-0.12.24.tgz
319 verbose addRemoteTarball [ 'https://registry.npmjs.org/grunt-contrib-nodeunit/-/grunt-contrib-nodeunit-0.4.1.tgz',
319 verbose addRemoteTarball   '943393ee5d66b1cdadb49a9b23aaee44455095b2' ]
320 info retry fetch attempt 1 at 09:32:55
321 verbose fetch to= /var/folders/3k/5654hzl54k16fc9gbglfc0d4f8mrmk/T/npm-1521-TNLAf9r7/registry.npmjs.org/karma-chrome-launcher/-/karma-chrome-launcher-0.1.5.tgz
322 info retry fetch attempt 1 at 09:32:55
323 verbose fetch to= /var/folders/3k/5654hzl54k16fc9gbglfc0d4f8mrmk/T/npm-1521-TNLAf9r7/registry.npmjs.org/http-server/-/http-server-0.6.1.tgz
324 http GET https://registry.npmjs.org/karma/-/karma-0.12.24.tgz
325 info retry fetch attempt 1 at 09:32:55
326 verbose fetch to= /var/folders/3k/5654hzl54k16fc9gbglfc0d4f8mrmk/T/npm-1521-TNLAf9r7/registry.npmjs.org/shelljs/-/shelljs-0.2.6.tgz
327 silly lockFile f7638ceb-tmp-0-0-23 tmp@0.0.23
328 silly lockFile f7638ceb-tmp-0-0-23 tmp@0.0.23
329 http GET https://registry.npmjs.org/karma-chrome-launcher/-/karma-chrome-launcher-0.1.5.tgz
330 info retry fetch attempt 1 at 09:32:55
331 verbose fetch to= /var/folders/3k/5654hzl54k16fc9gbglfc0d4f8mrmk/T/npm-1521-TNLAf9r7/registry.npmjs.org/grunt-contrib-nodeunit/-/grunt-contrib-nodeunit-0.4.1.tgz
332 http GET https://registry.npmjs.org/http-server/-/http-server-0.6.1.tgz
333 silly lockFile 97fbf99a--grunt-contrib-jshint-0-10-0-tgz https://registry.npmjs.org/grunt-contrib-jshint/-/grunt-contrib-jshint-0.10.0.tgz
334 silly lockFile 97fbf99a--grunt-contrib-jshint-0-10-0-tgz https://registry.npmjs.org/grunt-contrib-jshint/-/grunt-contrib-jshint-0.10.0.tgz
335 http GET https://registry.npmjs.org/shelljs/-/shelljs-0.2.6.tgz
336 http GET https://registry.npmjs.org/grunt-contrib-nodeunit/-/grunt-contrib-nodeunit-0.4.1.tgz
337 silly lockFile af8d4102-grunt-contrib-jshint-0-10-0 grunt-contrib-jshint@0.10.0
338 silly lockFile af8d4102-grunt-contrib-jshint-0-10-0 grunt-contrib-jshint@0.10.0
339 silly lockFile 956acfd4-grunt-contrib-jshint-0-10-0 grunt-contrib-jshint@~0.10.0
340 silly lockFile 956acfd4-grunt-contrib-jshint-0-10-0 grunt-contrib-jshint@~0.10.0
341 silly lockFile c69dfd91-y-grunt-contrib-uglify-0-5-1-tgz https://registry.npmjs.org/grunt-contrib-uglify/-/grunt-contrib-uglify-0.5.1.tgz
342 silly lockFile c69dfd91-y-grunt-contrib-uglify-0-5-1-tgz https://registry.npmjs.org/grunt-contrib-uglify/-/grunt-contrib-uglify-0.5.1.tgz
343 silly lockFile a34481be-grunt-contrib-uglify-0-5-1 grunt-contrib-uglify@0.5.1
344 silly lockFile a34481be-grunt-contrib-uglify-0-5-1 grunt-contrib-uglify@0.5.1
345 silly lockFile 2d901165-grunt-contrib-uglify-0-5-0 grunt-contrib-uglify@~0.5.0
346 silly lockFile 2d901165-grunt-contrib-uglify-0-5-0 grunt-contrib-uglify@~0.5.0
347 http 200 https://registry.npmjs.org/bower
348 silly registry.get cb [ 200,
348 silly registry.get   { date: 'Tue, 28 Oct 2014 13:32:55 GMT',
348 silly registry.get     server: 'CouchDB/1.5.0 (Erlang OTP/R16B03)',
348 silly registry.get     etag: '"CEMR1HQYCLE8N4O2HHP7EN0EZ"',
348 silly registry.get     'content-type': 'application/json',
348 silly registry.get     'cache-control': 'max-age=60',
348 silly registry.get     'content-length': '105358',
348 silly registry.get     'accept-ranges': 'bytes',
348 silly registry.get     via: '1.1 varnish',
348 silly registry.get     age: '15',
348 silly registry.get     'x-served-by': 'cache-ord1723-ORD',
348 silly registry.get     'x-cache': 'HIT',
348 silly registry.get     'x-cache-hits': '1',
348 silly registry.get     'x-timer': 'S1414503175.591793,VS0,VE0',
348 silly registry.get     vary: 'Accept',
348 silly registry.get     'keep-alive': 'timeout=10, max=47',
348 silly registry.get     connection: 'Keep-Alive' } ]
349 silly addNameRange number 2 { name: 'bower', range: '>=1.3.1-0 <2.0.0-0', hasData: true }
350 silly addNameRange versions [ 'bower',
350 silly addNameRange   [ '0.1.0',
350 silly addNameRange     '0.1.2',
350 silly addNameRange     '0.1.3',
350 silly addNameRange     '0.2.0',
350 silly addNameRange     '0.3.0',
350 silly addNameRange     '0.3.1',
350 silly addNameRange     '0.3.2',
350 silly addNameRange     '0.4.0',
350 silly addNameRange     '0.5.0',
350 silly addNameRange     '0.5.1',
350 silly addNameRange     '0.6.0',
350 silly addNameRange     '0.6.1',
350 silly addNameRange     '0.6.2',
350 silly addNameRange     '0.6.3',
350 silly addNameRange     '0.6.4',
350 silly addNameRange     '0.6.5',
350 silly addNameRange     '0.6.6',
350 silly addNameRange     '0.6.7',
350 silly addNameRange     '0.6.8',
350 silly addNameRange     '0.7.0',
350 silly addNameRange     '0.7.1',
350 silly addNameRange     '0.8.0',
350 silly addNameRange     '0.8.1',
350 silly addNameRange     '0.8.2',
350 silly addNameRange     '0.8.3',
350 silly addNameRange     '0.8.4',
350 silly addNameRange     '0.8.5',
350 silly addNameRange     '0.8.6',
350 silly addNameRange     '0.9.0',
350 silly addNameRange     '0.9.1',
350 silly addNameRange     '0.9.2',
350 silly addNameRange     '0.10.0',
350 silly addNameRange     '1.0.0',
350 silly addNameRange     '1.0.1',
350 silly addNameRange     '1.0.2',
350 silly addNameRange     '1.0.3',
350 silly addNameRange     '1.1.0',
350 silly addNameRange     '1.1.1',
350 silly addNameRange     '1.1.2',
350 silly addNameRange     '1.2.0',
350 silly addNameRange     '1.2.1',
350 silly addNameRange     '1.2.2',
350 silly addNameRange     '1.2.3',
350 silly addNameRange     '1.2.4',
350 silly addNameRange     '1.2.5',
350 silly addNameRange     '1.2.6',
350 silly addNameRange     '1.2.7',
350 silly addNameRange     '1.2.8',
350 silly addNameRange     '1.3.0',
350 silly addNameRange     '1.3.1',
350 silly addNameRange     '1.3.2',
350 silly addNameRange     '1.3.3',
350 silly addNameRange     '1.3.4',
350 silly addNameRange     '1.3.5',
350 silly addNameRange     '1.3.6',
350 silly addNameRange     '1.3.7',
350 silly addNameRange     '1.3.8',
350 silly addNameRange     '1.3.9',
350 silly addNameRange     '1.3.10',
350 silly addNameRange     '1.3.11',
350 silly addNameRange     '1.3.12' ] ]
351 verbose addNamed [ 'bower', '1.3.12' ]
352 verbose addNamed [ '1.3.12', '1.3.12' ]
353 silly lockFile 9819431c-bower-1-3-12 bower@1.3.12
354 verbose lock bower@1.3.12 /Users/che.mcnabb/.npm/9819431c-bower-1-3-12.lock
355 silly lockFile 9819431c-bower-1-3-12 bower@1.3.12
356 silly lockFile 9819431c-bower-1-3-12 bower@1.3.12
357 silly lockFile 7c83895e-bower-1-3-1 bower@^1.3.1
358 silly lockFile 7c83895e-bower-1-3-1 bower@^1.3.1
359 http 200 https://registry.npmjs.org/karma/-/karma-0.12.24.tgz
360 http 200 https://registry.npmjs.org/karma-chrome-launcher/-/karma-chrome-launcher-0.1.5.tgz
361 http 200 https://registry.npmjs.org/shelljs/-/shelljs-0.2.6.tgz
362 silly lockFile 8901bcd1--karma-chrome-launcher-0-1-5-tgz https://registry.npmjs.org/karma-chrome-launcher/-/karma-chrome-launcher-0.1.5.tgz
363 silly lockFile 8901bcd1--karma-chrome-launcher-0-1-5-tgz https://registry.npmjs.org/karma-chrome-launcher/-/karma-chrome-launcher-0.1.5.tgz
364 http 200 https://registry.npmjs.org/http-server/-/http-server-0.6.1.tgz
365 silly lockFile 8243f81a-karma-chrome-launcher-0-1-5 karma-chrome-launcher@0.1.5
366 silly lockFile 8243f81a-karma-chrome-launcher-0-1-5 karma-chrome-launcher@0.1.5
367 silly lockFile cd7d8138-karma-chrome-launcher-0-1-4 karma-chrome-launcher@^0.1.4
368 silly lockFile cd7d8138-karma-chrome-launcher-0-1-4 karma-chrome-launcher@^0.1.4
369 http 200 https://registry.npmjs.org/grunt-contrib-nodeunit/-/grunt-contrib-nodeunit-0.4.1.tgz
370 silly lockFile 386c66f6-grunt-contrib-nodeunit-0-4-1-tgz https://registry.npmjs.org/grunt-contrib-nodeunit/-/grunt-contrib-nodeunit-0.4.1.tgz
371 silly lockFile 386c66f6-grunt-contrib-nodeunit-0-4-1-tgz https://registry.npmjs.org/grunt-contrib-nodeunit/-/grunt-contrib-nodeunit-0.4.1.tgz
372 silly lockFile 3261ce55-grunt-contrib-nodeunit-0-4-1 grunt-contrib-nodeunit@0.4.1
373 silly lockFile 3261ce55-grunt-contrib-nodeunit-0-4-1 grunt-contrib-nodeunit@0.4.1
374 silly lockFile 4d6b3342-grunt-contrib-nodeunit-0-4-1 grunt-contrib-nodeunit@~0.4.1
375 silly lockFile 4d6b3342-grunt-contrib-nodeunit-0-4-1 grunt-contrib-nodeunit@~0.4.1
376 silly lockFile dde8a805-js-org-shelljs-shelljs-0-2-6-tgz https://registry.npmjs.org/shelljs/-/shelljs-0.2.6.tgz
377 silly lockFile dde8a805-js-org-shelljs-shelljs-0-2-6-tgz https://registry.npmjs.org/shelljs/-/shelljs-0.2.6.tgz
378 silly lockFile 542b9617-shelljs-0-2-6 shelljs@0.2.6
379 silly lockFile 542b9617-shelljs-0-2-6 shelljs@0.2.6
380 silly lockFile cdaabbbd-shelljs-0-2-6 shelljs@^0.2.6
381 silly lockFile cdaabbbd-shelljs-0-2-6 shelljs@^0.2.6
382 silly lockFile 1301bd88-pmjs-org-karma-karma-0-12-24-tgz https://registry.npmjs.org/karma/-/karma-0.12.24.tgz
383 silly lockFile 1301bd88-pmjs-org-karma-karma-0-12-24-tgz https://registry.npmjs.org/karma/-/karma-0.12.24.tgz
384 silly lockFile 11b8d689-karma-0-12-24 karma@0.12.24
385 silly lockFile 11b8d689-karma-0-12-24 karma@0.12.24
386 silly lockFile 544376fe-karma-0-12-16 karma@^0.12.16
387 silly lockFile 544376fe-karma-0-12-16 karma@^0.12.16
388 http 200 https://registry.npmjs.org/karma-jasmine
389 silly registry.get cb [ 200,
389 silly registry.get   { date: 'Tue, 28 Oct 2014 13:32:55 GMT',
389 silly registry.get     server: 'CouchDB/1.5.0 (Erlang OTP/R16B03)',
389 silly registry.get     etag: '"7P9RKA66WQQ73Z6CDCTOMPOZK"',
389 silly registry.get     'content-type': 'application/json',
389 silly registry.get     'cache-control': 'max-age=60',
389 silly registry.get     'content-length': '17019',
389 silly registry.get     'accept-ranges': 'bytes',
389 silly registry.get     via: '1.1 varnish',
389 silly registry.get     age: '0',
389 silly registry.get     'x-served-by': 'cache-ord1735-ORD',
389 silly registry.get     'x-cache': 'HIT',
389 silly registry.get     'x-cache-hits': '1',
389 silly registry.get     'x-timer': 'S1414503175.472882,VS0,VE269',
389 silly registry.get     vary: 'Accept',
389 silly registry.get     'keep-alive': 'timeout=10, max=49',
389 silly registry.get     connection: 'Keep-Alive' } ]
390 silly addNameRange number 2 { name: 'karma-jasmine',
390 silly addNameRange   range: '>=0.1.5-0 <0.2.0-0',
390 silly addNameRange   hasData: true }
391 silly addNameRange versions [ 'karma-jasmine',
391 silly addNameRange   [ '0.0.1',
391 silly addNameRange     '0.0.2',
391 silly addNameRange     '0.0.3',
391 silly addNameRange     '0.1.0',
391 silly addNameRange     '0.1.1',
391 silly addNameRange     '0.1.2',
391 silly addNameRange     '0.1.3',
391 silly addNameRange     '0.1.4',
391 silly addNameRange     '0.1.5',
391 silly addNameRange     '0.2.0',
391 silly addNameRange     '0.2.1',
391 silly addNameRange     '0.2.2' ] ]
392 verbose addNamed [ 'karma-jasmine', '0.1.5' ]
393 verbose addNamed [ '0.1.5', '0.1.5' ]
394 silly lockFile 46898725-karma-jasmine-0-1-5 karma-jasmine@0.1.5
395 verbose lock karma-jasmine@0.1.5 /Users/che.mcnabb/.npm/46898725-karma-jasmine-0-1-5.lock
396 silly lockFile cf8824d5--jasmine-karma-jasmine-0-1-5-tgz https://registry.npmjs.org/karma-jasmine/-/karma-jasmine-0.1.5.tgz
397 verbose lock https://registry.npmjs.org/karma-jasmine/-/karma-jasmine-0.1.5.tgz /Users/che.mcnabb/.npm/cf8824d5--jasmine-karma-jasmine-0-1-5-tgz.lock
398 verbose addRemoteTarball [ 'https://registry.npmjs.org/karma-jasmine/-/karma-jasmine-0.1.5.tgz',
398 verbose addRemoteTarball   '924c02ddb5d93737eb82832cffd5d75186d34a26' ]
399 info retry fetch attempt 1 at 09:32:55
400 verbose fetch to= /var/folders/3k/5654hzl54k16fc9gbglfc0d4f8mrmk/T/npm-1521-TNLAf9r7/registry.npmjs.org/karma-jasmine/-/karma-jasmine-0.1.5.tgz
401 http GET https://registry.npmjs.org/karma-jasmine/-/karma-jasmine-0.1.5.tgz
402 silly lockFile c3f4b4b6-ttp-server-http-server-0-6-1-tgz https://registry.npmjs.org/http-server/-/http-server-0.6.1.tgz
403 silly lockFile c3f4b4b6-ttp-server-http-server-0-6-1-tgz https://registry.npmjs.org/http-server/-/http-server-0.6.1.tgz
404 silly lockFile 1e2b2518-http-server-0-6-1 http-server@0.6.1
405 silly lockFile 1e2b2518-http-server-0-6-1 http-server@0.6.1
406 silly lockFile e7eeaefd-http-server-0-6-1 http-server@^0.6.1
407 silly lockFile e7eeaefd-http-server-0-6-1 http-server@^0.6.1
408 http 200 https://registry.npmjs.org/protractor/-/protractor-1.0.0.tgz
409 http 200 https://registry.npmjs.org/karma-jasmine/-/karma-jasmine-0.1.5.tgz
410 silly lockFile cf8824d5--jasmine-karma-jasmine-0-1-5-tgz https://registry.npmjs.org/karma-jasmine/-/karma-jasmine-0.1.5.tgz
411 silly lockFile cf8824d5--jasmine-karma-jasmine-0-1-5-tgz https://registry.npmjs.org/karma-jasmine/-/karma-jasmine-0.1.5.tgz
412 silly lockFile 46898725-karma-jasmine-0-1-5 karma-jasmine@0.1.5
413 silly lockFile 46898725-karma-jasmine-0-1-5 karma-jasmine@0.1.5
414 silly lockFile 36fc1519-karma-jasmine-0-1-5 karma-jasmine@^0.1.5
415 silly lockFile 36fc1519-karma-jasmine-0-1-5 karma-jasmine@^0.1.5
416 silly lockFile c833e44c--protractor-protractor-1-0-0-tgz https://registry.npmjs.org/protractor/-/protractor-1.0.0.tgz
417 silly lockFile c833e44c--protractor-protractor-1-0-0-tgz https://registry.npmjs.org/protractor/-/protractor-1.0.0.tgz
418 silly lockFile 5242d932-protractor-1-0-0 protractor@1.0.0
419 silly lockFile 5242d932-protractor-1-0-0 protractor@1.0.0
420 silly lockFile f198f730-protractor-1-0-0 protractor@~1.0.0
421 silly lockFile f198f730-protractor-1-0-0 protractor@~1.0.0
422 error Error: EACCES, mkdir '/Users/che.mcnabb/.npm/shelljs/0.2.6'
422 error  { [Error: EACCES, mkdir '/Users/che.mcnabb/.npm/shelljs/0.2.6']
422 error   errno: 3,
422 error   code: 'EACCES',
422 error   path: '/Users/che.mcnabb/.npm/shelljs/0.2.6',
422 error   parent: 'ultimate' }
423 error Please try running this command again as root/Administrator.
424 error System Darwin 13.4.0
425 error command "node" "/usr/local/bin/npm" "install"
426 error cwd /Users/che.mcnabb/Sites/ultimate
427 error node -v v0.10.32
428 error npm -v 1.4.28
429 error path /Users/che.mcnabb/.npm/shelljs/0.2.6
430 error code EACCES
431 error errno 3
432 error stack Error: EACCES, mkdir '/Users/che.mcnabb/.npm/shelljs/0.2.6'
433 verbose exit [ 3, true ]
